<?xml version="1.0" encoding="UTF-8"?>
<!-- Generated by org.testng.reporters.JUnitXMLReporter -->
<testsuite ignored="0" hostname="active35-Vostro-3800" failures="0" tests="3" name="Default test" time="3.45" errors="0" timestamp="2023-03-24T18:00:26 IST">
  <testcase classname="test.Putpatchdelete" name="deletemethod" time="2.467"/>
  <testcase classname="test.Putpatchdelete" name="patchmethod" time="0.462"/>
  <testcase classname="test.Putpatchdelete" name="putmethod" time="0.468"/>
</testsuite> <!-- Default test -->
