<?xml version="1.0" encoding="UTF-8"?>
<testng-results ignored="0" total="3" passed="3" failed="0" skipped="0">
  <reporter-output>
  </reporter-output>
  <suite started-at="2023-03-24T18:00:23 IST" name="Default suite" finished-at="2023-03-24T18:00:26 IST" duration-ms="3450">
    <groups>
    </groups>
    <test started-at="2023-03-24T18:00:23 IST" name="Default test" finished-at="2023-03-24T18:00:26 IST" duration-ms="3450">
      <class name="test.Putpatchdelete">
        <test-method signature="deletemethod()[pri:0, instance:test.Putpatchdelete@37918c79]" started-at="2023-03-24T18:00:23 IST" name="deletemethod" finished-at="2023-03-24T18:00:25 IST" duration-ms="2467" status="PASS">
          <reporter-output>
          </reporter-output>
        </test-method> <!-- deletemethod -->
        <test-method signature="patchmethod()[pri:0, instance:test.Putpatchdelete@37918c79]" started-at="2023-03-24T18:00:25 IST" name="patchmethod" finished-at="2023-03-24T18:00:26 IST" duration-ms="462" status="PASS">
          <reporter-output>
          </reporter-output>
        </test-method> <!-- patchmethod -->
        <test-method signature="putmethod()[pri:0, instance:test.Putpatchdelete@37918c79]" started-at="2023-03-24T18:00:26 IST" name="putmethod" finished-at="2023-03-24T18:00:26 IST" duration-ms="468" status="PASS">
          <reporter-output>
          </reporter-output>
        </test-method> <!-- putmethod -->
      </class> <!-- test.Putpatchdelete -->
    </test> <!-- Default test -->
  </suite> <!-- Default suite -->
</testng-results>
